#
# There is insufficient memory for the Java Runtime Environment to continue.
# Native memory allocation (malloc) failed to allocate 623216 bytes for Chunk::new
# Possible reasons:
#   The system is out of physical RAM or swap space
#   The process is running with CompressedOops enabled, and the Java Heap may be blocking the growth of the native heap
# Possible solutions:
#   Reduce memory load on the system
#   Increase physical memory or swap space
#   Check if swap backing store is full
#   Decrease Java heap size (-Xmx/-Xms)
#   Decrease number of Java threads
#   Decrease Java thread stack sizes (-Xss)
#   Set larger code cache with -XX:ReservedCodeCacheSize=
#   JVM is running with Zero Based Compressed Oops mode in which the Java heap is
#     placed in the first 32GB address space. The Java Heap base address is the
#     maximum limit for the native heap growth. Please use -XX:HeapBaseMinAddress
#     to set the Java Heap base and to place the Java Heap above 32GB virtual address.
# This output file may be truncated or incomplete.
#
#  Out of Memory Error (arena.cpp:191), pid=12540, tid=3968
#
# JRE version: OpenJDK Runtime Environment Temurin-17.0.10+7 (17.0.10+7) (build 17.0.10+7)
# Java VM: OpenJDK 64-Bit Server VM Temurin-17.0.10+7 (17.0.10+7, mixed mode, tiered, compressed oops, compressed class ptrs, g1 gc, windows-amd64)
# No core dump will be written. Minidumps are not enabled by default on client versions of Windows
#

---------------  S U M M A R Y ------------

Command Line: --add-opens=java.base/java.lang=ALL-UNNAMED --add-opens=java.base/java.io=ALL-UNNAMED --add-opens=java.base/java.util=ALL-UNNAMED -Dplugin.dir=C:\Users\andre\.vscode\extensions\redhat.java-1.28.1-win32-x64\server\..\..\vscjava.vscode-gradle-3.13.5\server\plugins com.microsoft.java.bs.core.Launcher

Host: 11th Gen Intel(R) Core(TM) i7-11370H @ 3.30GHz, 8 cores, 15G,  Windows 11 , 64 bit Build 22621 (10.0.22621.3235)
Time: Thu Mar 21 18:41:45 2024 AUS Eastern Daylight Time elapsed time: 0.832648 seconds (0d 0h 0m 0s)

---------------  T H R E A D  ---------------

Current thread (0x000001d3436ff750):  JavaThread "C2 CompilerThread2" daemon [_thread_in_native, id=3968, stack(0x00000058d4900000,0x00000058d4a00000)]


Current CompileTask:
C2:    832 1426   !   4       java.lang.String::<init> (843 bytes)

Stack: [0x00000058d4900000,0x00000058d4a00000]
Native frames: (J=compiled Java code, j=interpreted, Vv=VM code, C=native code)
V  [jvm.dll+0x67d2c9]
V  [jvm.dll+0x834afa]
V  [jvm.dll+0x8365be]
V  [jvm.dll+0x836c23]
V  [jvm.dll+0x2477ff]
V  [jvm.dll+0xac514]
V  [jvm.dll+0xacb5c]
V  [jvm.dll+0x366782]
V  [jvm.dll+0x330bfa]
V  [jvm.dll+0x33009a]
V  [jvm.dll+0x219ef1]
V  [jvm.dll+0x219311]
V  [jvm.dll+0x1a502d]
V  [jvm.dll+0x2290de]
V  [jvm.dll+0x2272ac]
V  [jvm.dll+0x7e9bb7]
V  [jvm.dll+0x7e3fba]
V  [jvm.dll+0x67c1b5]
C  [ucrtbase.dll+0x29363]
C  [KERNEL32.DLL+0x1257d]
C  [ntdll.dll+0x5aa58]


---------------  P R O C E S S  ---------------

Threads class SMR info:
_java_thread_list=0x000001d343ae5aa0, length=18, elements={
0x000001d342c30bd0, 0x000001d342c326b0, 0x000001d343147bd0, 0x000001d3431486a0,
0x000001d34314cf90, 0x000001d34314f870, 0x000001d343150520, 0x000001d343150ee0,
0x000001d3431517f0, 0x000001d3432d9e60, 0x000001d3432da960, 0x000001d3436ff230,
0x000001d3436ff750, 0x000001d343979330, 0x000001d3250ff5f0, 0x000001d343482880,
0x000001d343d12440, 0x000001d343d12920
}

Java Threads: ( => current thread )
  0x000001d342c30bd0 JavaThread "Reference Handler" daemon [_thread_blocked, id=19292, stack(0x00000058d3c00000,0x00000058d3d00000)]
  0x000001d342c326b0 JavaThread "Finalizer" daemon [_thread_blocked, id=15256, stack(0x00000058d3d00000,0x00000058d3e00000)]
  0x000001d343147bd0 JavaThread "Signal Dispatcher" daemon [_thread_blocked, id=6132, stack(0x00000058d3e00000,0x00000058d3f00000)]
  0x000001d3431486a0 JavaThread "Attach Listener" daemon [_thread_blocked, id=1156, stack(0x00000058d3f00000,0x00000058d4000000)]
  0x000001d34314cf90 JavaThread "Service Thread" daemon [_thread_blocked, id=14452, stack(0x00000058d4000000,0x00000058d4100000)]
  0x000001d34314f870 JavaThread "Monitor Deflation Thread" daemon [_thread_blocked, id=19076, stack(0x00000058d4100000,0x00000058d4200000)]
  0x000001d343150520 JavaThread "C2 CompilerThread0" daemon [_thread_blocked, id=2552, stack(0x00000058d4200000,0x00000058d4300000)]
  0x000001d343150ee0 JavaThread "C1 CompilerThread0" daemon [_thread_blocked, id=7452, stack(0x00000058d4300000,0x00000058d4400000)]
  0x000001d3431517f0 JavaThread "Sweeper thread" daemon [_thread_blocked, id=22080, stack(0x00000058d4400000,0x00000058d4500000)]
  0x000001d3432d9e60 JavaThread "Common-Cleaner" daemon [_thread_blocked, id=3596, stack(0x00000058d4500000,0x00000058d4600000)]
  0x000001d3432da960 JavaThread "Notification Thread" daemon [_thread_blocked, id=20444, stack(0x00000058d4600000,0x00000058d4700000)]
  0x000001d3436ff230 JavaThread "C2 CompilerThread1" daemon [_thread_blocked, id=2372, stack(0x00000058d4800000,0x00000058d4900000)]
=>0x000001d3436ff750 JavaThread "C2 CompilerThread2" daemon [_thread_in_native, id=3968, stack(0x00000058d4900000,0x00000058d4a00000)]
  0x000001d343979330 JavaThread "pool-1-thread-1" [_thread_in_native, id=3236, stack(0x00000058d4a00000,0x00000058d4b00000)]
  0x000001d3250ff5f0 JavaThread "DestroyJavaVM" [_thread_blocked, id=4236, stack(0x00000058d3500000,0x00000058d3600000)]
  0x000001d343482880 JavaThread "ForkJoinPool.commonPool-worker-1" daemon [_thread_blocked, id=3660, stack(0x00000058d4b00000,0x00000058d4c00000)]
  0x000001d343d12440 JavaThread "Connection worker" daemon [_thread_in_Java, id=18376, stack(0x00000058d4c00000,0x00000058d4d00000)]
  0x000001d343d12920 JavaThread "ForkJoinPool.commonPool-worker-2" daemon [_thread_blocked, id=1204, stack(0x00000058d4d00000,0x00000058d4e00000)]

Other Threads:
  0x000001d342c2b320 VMThread "VM Thread" [stack: 0x00000058d3b00000,0x00000058d3c00000] [id=9036]
  0x000001d3432dae40 WatcherThread [stack: 0x00000058d4700000,0x00000058d4800000] [id=13204]
  0x000001d32516b8d0 GCTaskThread "GC Thread#0" [stack: 0x00000058d3600000,0x00000058d3700000] [id=16124]
  0x000001d348278820 GCTaskThread "GC Thread#1" [stack: 0x00000058d4e00000,0x00000058d4f00000] [id=17012]
  0x000001d348278ae0 GCTaskThread "GC Thread#2" [stack: 0x00000058d4f00000,0x00000058d5000000] [id=17588]
  0x000001d343cd2860 GCTaskThread "GC Thread#3" [stack: 0x00000058d5000000,0x00000058d5100000] [id=9712]
  0x000001d343cd2b20 GCTaskThread "GC Thread#4" [stack: 0x00000058d5100000,0x00000058d5200000] [id=14548]
  0x000001d343cd2de0 GCTaskThread "GC Thread#5" [stack: 0x00000058d5200000,0x00000058d5300000] [id=21540]
  0x000001d34823f000 GCTaskThread "GC Thread#6" [stack: 0x00000058d5300000,0x00000058d5400000] [id=15084]
  0x000001d343c3c680 GCTaskThread "GC Thread#7" [stack: 0x00000058d5400000,0x00000058d5500000] [id=13804]
  0x000001d32517c270 ConcurrentGCThread "G1 Main Marker" [stack: 0x00000058d3700000,0x00000058d3800000] [id=17832]
  0x000001d32517cba0 ConcurrentGCThread "G1 Conc#0" [stack: 0x00000058d3800000,0x00000058d3900000] [id=20320]
  0x000001d342b17d70 ConcurrentGCThread "G1 Refine#0" [stack: 0x00000058d3900000,0x00000058d3a00000] [id=8100]
  0x000001d343862b20 ConcurrentGCThread "G1 Refine#1" [stack: 0x00000058d5500000,0x00000058d5600000] [id=7216]
  0x000001d342b186b0 ConcurrentGCThread "G1 Service" [stack: 0x00000058d3a00000,0x00000058d3b00000] [id=20876]

Threads with active compile tasks:
C1 CompilerThread0      848 1459       3       java.util.regex.Pattern$BnM::optimize (179 bytes)
C2 CompilerThread2      848 1426   !   4       java.lang.String::<init> (843 bytes)

VM state: not at safepoint (normal execution)

VM Mutex/Monitor currently owned by a thread: None

Heap address: 0x0000000704c00000, size: 4020 MB, Compressed Oops mode: Zero based, Oop shift amount: 3

CDS archive(s) not mapped
Compressed class space mapped at: 0x0000000800000000-0x0000000840000000, reserved size: 1073741824
Narrow klass base: 0x0000000800000000, Narrow klass shift: 0, Narrow klass range: 0x40000000

GC Precious Log:
 CPUs: 8 total, 8 available
 Memory: 16075M
 Large Page Support: Disabled
 NUMA Support: Disabled
 Compressed Oops: Enabled (Zero based)
 Heap Region Size: 2M
 Heap Min Capacity: 8M
 Heap Initial Capacity: 252M
 Heap Max Capacity: 4020M
 Pre-touch: Disabled
 Parallel Workers: 8
 Concurrent Workers: 2
 Concurrent Refinement Workers: 8
 Periodic GC: Disabled

Heap:
 garbage-first heap   total 258048K, used 27631K [0x0000000704c00000, 0x0000000800000000)
  region size 2048K, 11 young (22528K), 2 survivors (4096K)
 Metaspace       used 16356K, committed 16576K, reserved 1114112K
  class space    used 1903K, committed 2048K, reserved 1048576K

Heap Regions: E=young(eden), S=young(survivor), O=old, HS=humongous(starts), HC=humongous(continues), CS=collection set, F=free, OA=open archive, CA=closed archive, TAMS=top-at-mark-start (previous, next)
|   0|0x0000000704c00000, 0x0000000704e00000, 0x0000000704e00000|100%|HS|  |TAMS 0x0000000704c00000, 0x0000000704c00000| Complete 
|   1|0x0000000704e00000, 0x0000000705000000, 0x0000000705000000|100%|HC|  |TAMS 0x0000000704e00000, 0x0000000704e00000| Complete 
|   2|0x0000000705000000, 0x0000000705200000, 0x0000000705200000|100%| O|  |TAMS 0x0000000705000000, 0x0000000705000000| Untracked 
|   3|0x0000000705200000, 0x00000007052fbc00, 0x0000000705400000| 49%| O|  |TAMS 0x0000000705200000, 0x0000000705200000| Untracked 
|   4|0x0000000705400000, 0x0000000705400000, 0x0000000705600000|  0%| F|  |TAMS 0x0000000705400000, 0x0000000705400000| Untracked 
|   5|0x0000000705600000, 0x0000000705600000, 0x0000000705800000|  0%| F|  |TAMS 0x0000000705600000, 0x0000000705600000| Untracked 
|   6|0x0000000705800000, 0x0000000705800000, 0x0000000705a00000|  0%| F|  |TAMS 0x0000000705800000, 0x0000000705800000| Untracked 
|   7|0x0000000705a00000, 0x0000000705a00000, 0x0000000705c00000|  0%| F|  |TAMS 0x0000000705a00000, 0x0000000705a00000| Untracked 
|   8|0x0000000705c00000, 0x0000000705c00000, 0x0000000705e00000|  0%| F|  |TAMS 0x0000000705c00000, 0x0000000705c00000| Untracked 
|   9|0x0000000705e00000, 0x0000000705e00000, 0x0000000706000000|  0%| F|  |TAMS 0x0000000705e00000, 0x0000000705e00000| Untracked 
|  10|0x0000000706000000, 0x0000000706000000, 0x0000000706200000|  0%| F|  |TAMS 0x0000000706000000, 0x0000000706000000| Untracked 
|  11|0x0000000706200000, 0x0000000706200000, 0x0000000706400000|  0%| F|  |TAMS 0x0000000706200000, 0x0000000706200000| Untracked 
|  12|0x0000000706400000, 0x0000000706400000, 0x0000000706600000|  0%| F|  |TAMS 0x0000000706400000, 0x0000000706400000| Untracked 
|  13|0x0000000706600000, 0x0000000706600000, 0x0000000706800000|  0%| F|  |TAMS 0x0000000706600000, 0x0000000706600000| Untracked 
|  14|0x0000000706800000, 0x0000000706800000, 0x0000000706a00000|  0%| F|  |TAMS 0x0000000706800000, 0x0000000706800000| Untracked 
|  15|0x0000000706a00000, 0x0000000706a00000, 0x0000000706c00000|  0%| F|  |TAMS 0x0000000706a00000, 0x0000000706a00000| Untracked 
|  16|0x0000000706c00000, 0x0000000706c00000, 0x0000000706e00000|  0%| F|  |TAMS 0x0000000706c00000, 0x0000000706c00000| Untracked 
|  17|0x0000000706e00000, 0x0000000706e00000, 0x0000000707000000|  0%| F|  |TAMS 0x0000000706e00000, 0x0000000706e00000| Untracked 
|  18|0x0000000707000000, 0x0000000707000000, 0x0000000707200000|  0%| F|  |TAMS 0x0000000707000000, 0x0000000707000000| Untracked 
|  19|0x0000000707200000, 0x0000000707200000, 0x0000000707400000|  0%| F|  |TAMS 0x0000000707200000, 0x0000000707200000| Untracked 
|  20|0x0000000707400000, 0x0000000707400000, 0x0000000707600000|  0%| F|  |TAMS 0x0000000707400000, 0x0000000707400000| Untracked 
|  21|0x0000000707600000, 0x0000000707600000, 0x0000000707800000|  0%| F|  |TAMS 0x0000000707600000, 0x0000000707600000| Untracked 
|  22|0x0000000707800000, 0x0000000707800000, 0x0000000707a00000|  0%| F|  |TAMS 0x0000000707800000, 0x0000000707800000| Untracked 
|  23|0x0000000707a00000, 0x0000000707a00000, 0x0000000707c00000|  0%| F|  |TAMS 0x0000000707a00000, 0x0000000707a00000| Untracked 
|  24|0x0000000707c00000, 0x0000000707c00000, 0x0000000707e00000|  0%| F|  |TAMS 0x0000000707c00000, 0x0000000707c00000| Untracked 
|  25|0x0000000707e00000, 0x0000000707e00000, 0x0000000708000000|  0%| F|  |TAMS 0x0000000707e00000, 0x0000000707e00000| Untracked 
|  26|0x0000000708000000, 0x0000000708000000, 0x0000000708200000|  0%| F|  |TAMS 0x0000000708000000, 0x0000000708000000| Untracked 
|  27|0x0000000708200000, 0x0000000708200000, 0x0000000708400000|  0%| F|  |TAMS 0x0000000708200000, 0x0000000708200000| Untracked 
|  28|0x0000000708400000, 0x0000000708400000, 0x0000000708600000|  0%| F|  |TAMS 0x0000000708400000, 0x0000000708400000| Untracked 
|  29|0x0000000708600000, 0x0000000708600000, 0x0000000708800000|  0%| F|  |TAMS 0x0000000708600000, 0x0000000708600000| Untracked 
|  30|0x0000000708800000, 0x0000000708800000, 0x0000000708a00000|  0%| F|  |TAMS 0x0000000708800000, 0x0000000708800000| Untracked 
|  31|0x0000000708a00000, 0x0000000708a00000, 0x0000000708c00000|  0%| F|  |TAMS 0x0000000708a00000, 0x0000000708a00000| Untracked 
|  32|0x0000000708c00000, 0x0000000708c00000, 0x0000000708e00000|  0%| F|  |TAMS 0x0000000708c00000, 0x0000000708c00000| Untracked 
|  33|0x0000000708e00000, 0x0000000708e00000, 0x0000000709000000|  0%| F|  |TAMS 0x0000000708e00000, 0x0000000708e00000| Untracked 
|  34|0x0000000709000000, 0x0000000709000000, 0x0000000709200000|  0%| F|  |TAMS 0x0000000709000000, 0x0000000709000000| Untracked 
|  35|0x0000000709200000, 0x0000000709200000, 0x0000000709400000|  0%| F|  |TAMS 0x0000000709200000, 0x0000000709200000| Untracked 
|  36|0x0000000709400000, 0x0000000709400000, 0x0000000709600000|  0%| F|  |TAMS 0x0000000709400000, 0x0000000709400000| Untracked 
|  37|0x0000000709600000, 0x0000000709600000, 0x0000000709800000|  0%| F|  |TAMS 0x0000000709600000, 0x0000000709600000| Untracked 
|  38|0x0000000709800000, 0x0000000709800000, 0x0000000709a00000|  0%| F|  |TAMS 0x0000000709800000, 0x0000000709800000| Untracked 
|  39|0x0000000709a00000, 0x0000000709a00000, 0x0000000709c00000|  0%| F|  |TAMS 0x0000000709a00000, 0x0000000709a00000| Untracked 
|  40|0x0000000709c00000, 0x0000000709c00000, 0x0000000709e00000|  0%| F|  |TAMS 0x0000000709c00000, 0x0000000709c00000| Untracked 
|  41|0x0000000709e00000, 0x0000000709e00000, 0x000000070a000000|  0%| F|  |TAMS 0x0000000709e00000, 0x0000000709e00000| Untracked 
|  42|0x000000070a000000, 0x000000070a000000, 0x000000070a200000|  0%| F|  |TAMS 0x000000070a000000, 0x000000070a000000| Untracked 
|  43|0x000000070a200000, 0x000000070a200000, 0x000000070a400000|  0%| F|  |TAMS 0x000000070a200000, 0x000000070a200000| Untracked 
|  44|0x000000070a400000, 0x000000070a400000, 0x000000070a600000|  0%| F|  |TAMS 0x000000070a400000, 0x000000070a400000| Untracked 
|  45|0x000000070a600000, 0x000000070a600000, 0x000000070a800000|  0%| F|  |TAMS 0x000000070a600000, 0x000000070a600000| Untracked 
|  46|0x000000070a800000, 0x000000070a800000, 0x000000070aa00000|  0%| F|  |TAMS 0x000000070a800000, 0x000000070a800000| Untracked 
|  47|0x000000070aa00000, 0x000000070aa00000, 0x000000070ac00000|  0%| F|  |TAMS 0x000000070aa00000, 0x000000070aa00000| Untracked 
|  48|0x000000070ac00000, 0x000000070ac00000, 0x000000070ae00000|  0%| F|  |TAMS 0x000000070ac00000, 0x000000070ac00000| Untracked 
|  49|0x000000070ae00000, 0x000000070ae00000, 0x000000070b000000|  0%| F|  |TAMS 0x000000070ae00000, 0x000000070ae00000| Untracked 
|  50|0x000000070b000000, 0x000000070b000000, 0x000000070b200000|  0%| F|  |TAMS 0x000000070b000000, 0x000000070b000000| Untracked 
|  51|0x000000070b200000, 0x000000070b200000, 0x000000070b400000|  0%| F|  |TAMS 0x000000070b200000, 0x000000070b200000| Untracked 
|  52|0x000000070b400000, 0x000000070b400000, 0x000000070b600000|  0%| F|  |TAMS 0x000000070b400000, 0x000000070b400000| Untracked 
|  53|0x000000070b600000, 0x000000070b600000, 0x000000070b800000|  0%| F|  |TAMS 0x000000070b600000, 0x000000070b600000| Untracked 
|  54|0x000000070b800000, 0x000000070b800000, 0x000000070ba00000|  0%| F|  |TAMS 0x000000070b800000, 0x000000070b800000| Untracked 
|  55|0x000000070ba00000, 0x000000070ba00000, 0x000000070bc00000|  0%| F|  |TAMS 0x000000070ba00000, 0x000000070ba00000| Untracked 
|  56|0x000000070bc00000, 0x000000070bc00000, 0x000000070be00000|  0%| F|  |TAMS 0x000000070bc00000, 0x000000070bc00000| Untracked 
|  57|0x000000070be00000, 0x000000070be00000, 0x000000070c000000|  0%| F|  |TAMS 0x000000070be00000, 0x000000070be00000| Untracked 
|  58|0x000000070c000000, 0x000000070c000000, 0x000000070c200000|  0%| F|  |TAMS 0x000000070c000000, 0x000000070c000000| Untracked 
|  59|0x000000070c200000, 0x000000070c200000, 0x000000070c400000|  0%| F|  |TAMS 0x000000070c200000, 0x000000070c200000| Untracked 
|  60|0x000000070c400000, 0x000000070c400000, 0x000000070c600000|  0%| F|  |TAMS 0x000000070c400000, 0x000000070c400000| Untracked 
|  61|0x000000070c600000, 0x000000070c600000, 0x000000070c800000|  0%| F|  |TAMS 0x000000070c600000, 0x000000070c600000| Untracked 
|  62|0x000000070c800000, 0x000000070c800000, 0x000000070ca00000|  0%| F|  |TAMS 0x000000070c800000, 0x000000070c800000| Untracked 
|  63|0x000000070ca00000, 0x000000070ca00000, 0x000000070cc00000|  0%| F|  |TAMS 0x000000070ca00000, 0x000000070ca00000| Untracked 
|  64|0x000000070cc00000, 0x000000070cc00000, 0x000000070ce00000|  0%| F|  |TAMS 0x000000070cc00000, 0x000000070cc00000| Untracked 
|  65|0x000000070ce00000, 0x000000070ce00000, 0x000000070d000000|  0%| F|  |TAMS 0x000000070ce00000, 0x000000070ce00000| Untracked 
|  66|0x000000070d000000, 0x000000070d000000, 0x000000070d200000|  0%| F|  |TAMS 0x000000070d000000, 0x000000070d000000| Untracked 
|  67|0x000000070d200000, 0x000000070d200000, 0x000000070d400000|  0%| F|  |TAMS 0x000000070d200000, 0x000000070d200000| Untracked 
|  68|0x000000070d400000, 0x000000070d400000, 0x000000070d600000|  0%| F|  |TAMS 0x000000070d400000, 0x000000070d400000| Untracked 
|  69|0x000000070d600000, 0x000000070d600000, 0x000000070d800000|  0%| F|  |TAMS 0x000000070d600000, 0x000000070d600000| Untracked 
|  70|0x000000070d800000, 0x000000070d800000, 0x000000070da00000|  0%| F|  |TAMS 0x000000070d800000, 0x000000070d800000| Untracked 
|  71|0x000000070da00000, 0x000000070da00000, 0x000000070dc00000|  0%| F|  |TAMS 0x000000070da00000, 0x000000070da00000| Untracked 
|  72|0x000000070dc00000, 0x000000070dc00000, 0x000000070de00000|  0%| F|  |TAMS 0x000000070dc00000, 0x000000070dc00000| Untracked 
|  73|0x000000070de00000, 0x000000070de00000, 0x000000070e000000|  0%| F|  |TAMS 0x000000070de00000, 0x000000070de00000| Untracked 
|  74|0x000000070e000000, 0x000000070e000000, 0x000000070e200000|  0%| F|  |TAMS 0x000000070e000000, 0x000000070e000000| Untracked 
|  75|0x000000070e200000, 0x000000070e200000, 0x000000070e400000|  0%| F|  |TAMS 0x000000070e200000, 0x000000070e200000| Untracked 
|  76|0x000000070e400000, 0x000000070e400000, 0x000000070e600000|  0%| F|  |TAMS 0x000000070e400000, 0x000000070e400000| Untracked 
|  77|0x000000070e600000, 0x000000070e600000, 0x000000070e800000|  0%| F|  |TAMS 0x000000070e600000, 0x000000070e600000| Untracked 
|  78|0x000000070e800000, 0x000000070e800000, 0x000000070ea00000|  0%| F|  |TAMS 0x000000070e800000, 0x000000070e800000| Untracked 
|  79|0x000000070ea00000, 0x000000070ea00000, 0x000000070ec00000|  0%| F|  |TAMS 0x000000070ea00000, 0x000000070ea00000| Untracked 
|  80|0x000000070ec00000, 0x000000070ec00000, 0x000000070ee00000|  0%| F|  |TAMS 0x000000070ec00000, 0x000000070ec00000| Untracked 
|  81|0x000000070ee00000, 0x000000070ee00000, 0x000000070f000000|  0%| F|  |TAMS 0x000000070ee00000, 0x000000070ee00000| Untracked 
|  82|0x000000070f000000, 0x000000070f000000, 0x000000070f200000|  0%| F|  |TAMS 0x000000070f000000, 0x000000070f000000| Untracked 
|  83|0x000000070f200000, 0x000000070f200000, 0x000000070f400000|  0%| F|  |TAMS 0x000000070f200000, 0x000000070f200000| Untracked 
|  84|0x000000070f400000, 0x000000070f400000, 0x000000070f600000|  0%| F|  |TAMS 0x000000070f400000, 0x000000070f400000| Untracked 
|  85|0x000000070f600000, 0x000000070f600000, 0x000000070f800000|  0%| F|  |TAMS 0x000000070f600000, 0x000000070f600000| Untracked 
|  86|0x000000070f800000, 0x000000070f800000, 0x000000070fa00000|  0%| F|  |TAMS 0x000000070f800000, 0x000000070f800000| Untracked 
|  87|0x000000070fa00000, 0x000000070fa00000, 0x000000070fc00000|  0%| F|  |TAMS 0x000000070fa00000, 0x000000070fa00000| Untracked 
|  88|0x000000070fc00000, 0x000000070fc00000, 0x000000070fe00000|  0%| F|  |TAMS 0x000000070fc00000, 0x000000070fc00000| Untracked 
|  89|0x000000070fe00000, 0x000000070fe00000, 0x0000000710000000|  0%| F|  |TAMS 0x000000070fe00000, 0x000000070fe00000| Untracked 
|  90|0x0000000710000000, 0x0000000710000000, 0x0000000710200000|  0%| F|  |TAMS 0x0000000710000000, 0x0000000710000000| Untracked 
|  91|0x0000000710200000, 0x0000000710200000, 0x0000000710400000|  0%| F|  |TAMS 0x0000000710200000, 0x0000000710200000| Untracked 
|  92|0x0000000710400000, 0x0000000710400000, 0x0000000710600000|  0%| F|  |TAMS 0x0000000710400000, 0x0000000710400000| Untracked 
|  93|0x0000000710600000, 0x0000000710600000, 0x0000000710800000|  0%| F|  |TAMS 0x0000000710600000, 0x0000000710600000| Untracked 
|  94|0x0000000710800000, 0x0000000710800000, 0x0000000710a00000|  0%| F|  |TAMS 0x0000000710800000, 0x0000000710800000| Untracked 
|  95|0x0000000710a00000, 0x0000000710a00000, 0x0000000710c00000|  0%| F|  |TAMS 0x0000000710a00000, 0x0000000710a00000| Untracked 
|  96|0x0000000710c00000, 0x0000000710c00000, 0x0000000710e00000|  0%| F|  |TAMS 0x0000000710c00000, 0x0000000710c00000| Untracked 
|  97|0x0000000710e00000, 0x0000000710e00000, 0x0000000711000000|  0%| F|  |TAMS 0x0000000710e00000, 0x0000000710e00000| Untracked 
|  98|0x0000000711000000, 0x0000000711000000, 0x0000000711200000|  0%| F|  |TAMS 0x0000000711000000, 0x0000000711000000| Untracked 
|  99|0x0000000711200000, 0x0000000711200000, 0x0000000711400000|  0%| F|  |TAMS 0x0000000711200000, 0x0000000711200000| Untracked 
| 100|0x0000000711400000, 0x0000000711400000, 0x0000000711600000|  0%| F|  |TAMS 0x0000000711400000, 0x0000000711400000| Untracked 
| 101|0x0000000711600000, 0x0000000711600000, 0x0000000711800000|  0%| F|  |TAMS 0x0000000711600000, 0x0000000711600000| Untracked 
| 102|0x0000000711800000, 0x0000000711800000, 0x0000000711a00000|  0%| F|  |TAMS 0x0000000711800000, 0x0000000711800000| Untracked 
| 103|0x0000000711a00000, 0x0000000711a00000, 0x0000000711c00000|  0%| F|  |TAMS 0x0000000711a00000, 0x0000000711a00000| Untracked 
| 104|0x0000000711c00000, 0x0000000711c00000, 0x0000000711e00000|  0%| F|  |TAMS 0x0000000711c00000, 0x0000000711c00000| Untracked 
| 105|0x0000000711e00000, 0x0000000711e00000, 0x0000000712000000|  0%| F|  |TAMS 0x0000000711e00000, 0x0000000711e00000| Untracked 
| 106|0x0000000712000000, 0x0000000712000000, 0x0000000712200000|  0%| F|  |TAMS 0x0000000712000000, 0x0000000712000000| Untracked 
| 107|0x0000000712200000, 0x0000000712200000, 0x0000000712400000|  0%| F|  |TAMS 0x0000000712200000, 0x0000000712200000| Untracked 
| 108|0x0000000712400000, 0x0000000712400000, 0x0000000712600000|  0%| F|  |TAMS 0x0000000712400000, 0x0000000712400000| Untracked 
| 109|0x0000000712600000, 0x0000000712600000, 0x0000000712800000|  0%| F|  |TAMS 0x0000000712600000, 0x0000000712600000| Untracked 
| 110|0x0000000712800000, 0x0000000712800000, 0x0000000712a00000|  0%| F|  |TAMS 0x0000000712800000, 0x0000000712800000| Untracked 
| 111|0x0000000712a00000, 0x0000000712a00000, 0x0000000712c00000|  0%| F|  |TAMS 0x0000000712a00000, 0x0000000712a00000| Untracked 
| 112|0x0000000712c00000, 0x0000000712c00000, 0x0000000712e00000|  0%| F|  |TAMS 0x0000000712c00000, 0x0000000712c00000| Untracked 
| 113|0x0000000712e00000, 0x0000000713000000, 0x0000000713000000|100%| S|CS|TAMS 0x0000000712e00000, 0x0000000712e00000| Complete 
| 114|0x0000000713000000, 0x0000000713200000, 0x0000000713200000|100%| S|CS|TAMS 0x0000000713000000, 0x0000000713000000| Complete 
| 115|0x0000000713200000, 0x0000000713200000, 0x0000000713400000|  0%| F|  |TAMS 0x0000000713200000, 0x0000000713200000| Untracked 
| 116|0x0000000713400000, 0x0000000713400000, 0x0000000713600000|  0%| F|  |TAMS 0x0000000713400000, 0x0000000713400000| Untracked 
| 117|0x0000000713600000, 0x0000000713703160, 0x0000000713800000| 50%| E|  |TAMS 0x0000000713600000, 0x0000000713600000| Complete 
| 118|0x0000000713800000, 0x0000000713a00000, 0x0000000713a00000|100%| E|CS|TAMS 0x0000000713800000, 0x0000000713800000| Complete 
| 119|0x0000000713a00000, 0x0000000713c00000, 0x0000000713c00000|100%| E|CS|TAMS 0x0000000713a00000, 0x0000000713a00000| Complete 
| 120|0x0000000713c00000, 0x0000000713e00000, 0x0000000713e00000|100%| E|CS|TAMS 0x0000000713c00000, 0x0000000713c00000| Complete 
| 121|0x0000000713e00000, 0x0000000714000000, 0x0000000714000000|100%| E|CS|TAMS 0x0000000713e00000, 0x0000000713e00000| Complete 
| 122|0x0000000714000000, 0x0000000714200000, 0x0000000714200000|100%| E|CS|TAMS 0x0000000714000000, 0x0000000714000000| Complete 
| 123|0x0000000714200000, 0x0000000714400000, 0x0000000714400000|100%| E|CS|TAMS 0x0000000714200000, 0x0000000714200000| Complete 
| 124|0x0000000714400000, 0x0000000714600000, 0x0000000714600000|100%| E|CS|TAMS 0x0000000714400000, 0x0000000714400000| Complete 
| 125|0x0000000714600000, 0x0000000714800000, 0x0000000714800000|100%| E|CS|TAMS 0x0000000714600000, 0x0000000714600000| Complete 

Card table byte_map: [0x000001d3378a0000,0x000001d338080000] _byte_map_base: 0x000001d33407a000

Marking Bits (Prev, Next): (CMBitMap*) 0x000001d32516be00, (CMBitMap*) 0x000001d32516be40
 Prev Bits: [0x000001d338860000, 0x000001d33c730000)
 Next Bits: [0x000001d33c730000, 0x000001d340600000)

Polling page: 0x000001d323050000

Metaspace:

Usage:
  Non-class:     14.13 MB used.
      Class:      1.86 MB used.
       Both:     15.99 MB used.

Virtual space:
  Non-class space:       64.00 MB reserved,      14.25 MB ( 22%) committed,  1 nodes.
      Class space:        1.00 GB reserved,       2.00 MB ( <1%) committed,  1 nodes.
             Both:        1.06 GB reserved,      16.25 MB (  1%) committed. 

Chunk freelists:
   Non-Class:  1.35 MB
       Class:  14.06 MB
        Both:  15.41 MB

MaxMetaspaceSize: unlimited
CompressedClassSpaceSize: 1.00 GB
Initial GC threshold: 21.00 MB
Current GC threshold: 21.00 MB
CDS: off
MetaspaceReclaimPolicy: balanced
 - commit_granule_bytes: 65536.
 - commit_granule_words: 8192.
 - virtual_space_node_default_size: 8388608.
 - enlarge_chunks_in_place: 1.
 - new_chunks_are_fully_committed: 0.
 - uncommit_free_chunks: 1.
 - use_allocation_guard: 0.
 - handle_deallocations: 1.


Internal statistics:

num_allocs_failed_limit: 0.
num_arena_births: 68.
num_arena_deaths: 0.
num_vsnodes_births: 2.
num_vsnodes_deaths: 0.
num_space_committed: 260.
num_space_uncommitted: 0.
num_chunks_returned_to_freelist: 0.
num_chunks_taken_from_freelist: 301.
num_chunk_merges: 0.
num_chunk_splits: 194.
num_chunks_enlarged: 158.
num_inconsistent_stats: 0.

CodeHeap 'non-profiled nmethods': size=120000Kb used=568Kb max_used=568Kb free=119432Kb
 bounds [0x000001d32f860000, 0x000001d32fad0000, 0x000001d336d90000]
CodeHeap 'profiled nmethods': size=120000Kb used=2830Kb max_used=2830Kb free=117169Kb
 bounds [0x000001d327d90000, 0x000001d328060000, 0x000001d32f2c0000]
CodeHeap 'non-nmethods': size=5760Kb used=1183Kb max_used=1228Kb free=4576Kb
 bounds [0x000001d32f2c0000, 0x000001d32f530000, 0x000001d32f860000]
 total_blobs=1927 nmethods=1459 adapters=381
 compilation: enabled
              stopped_count=0, restarted_count=0
 full_count=0

Compilation events (20 events):
Event: 0.817 Thread 0x000001d3436ff230 1438       4       java.util.ArrayList::get (15 bytes)
Event: 0.817 Thread 0x000001d343150ee0 1439       3       org.gradle.internal.util.Trie$Builder::addTransition (89 bytes)
Event: 0.817 Thread 0x000001d343150ee0 nmethod 1439 0x000001d328046210 code [0x000001d328046440, 0x000001d328046ef8]
Event: 0.817 Thread 0x000001d343150ee0 1441       3       java.util.Arrays::sort (24 bytes)
Event: 0.817 Thread 0x000001d3436ff230 nmethod 1438 0x000001d32f8ebd90 code [0x000001d32f8ebf00, 0x000001d32f8ebff8]
Event: 0.817 Thread 0x000001d343150ee0 nmethod 1441 0x000001d328047290 code [0x000001d328047440, 0x000001d328047588]
Event: 0.817 Thread 0x000001d343150ee0 1440       3       org.gradle.internal.util.Trie$Builder::<init> (21 bytes)
Event: 0.818 Thread 0x000001d343150ee0 nmethod 1440 0x000001d328047690 code [0x000001d328047860, 0x000001d328047c78]
Event: 0.821 Thread 0x000001d3436ff230 1442       4       jdk.internal.misc.Unsafe::allocateUninitializedArray (55 bytes)
Event: 0.822 Thread 0x000001d3436ff230 nmethod 1442 0x000001d32f8ec410 code [0x000001d32f8ec5a0, 0x000001d32f8ec758]
Event: 0.824 Thread 0x000001d343150520 nmethod 1435 0x000001d32f8ec890 code [0x000001d32f8eca20, 0x000001d32f8ed0d8]
Event: 0.826 Thread 0x000001d343150ee0 1444       3       java.util.Properties$LineReader::readLine (584 bytes)
Event: 0.828 Thread 0x000001d343150ee0 nmethod 1444 0x000001d328047e10 code [0x000001d3280481e0, 0x000001d32804ad78]
Event: 0.828 Thread 0x000001d343150ee0 1445       3       java.util.LinkedHashMap$LinkedKeyIterator::next (8 bytes)
Event: 0.828 Thread 0x000001d343150ee0 nmethod 1445 0x000001d32804ba90 code [0x000001d32804bc40, 0x000001d32804bda8]
Event: 0.828 Thread 0x000001d343150ee0 1446   !   3       java.util.regex.Pattern::matcher (44 bytes)
Event: 0.828 Thread 0x000001d343150ee0 nmethod 1446 0x000001d32804be90 code [0x000001d32804c040, 0x000001d32804c3b8]
Event: 0.828 Thread 0x000001d343150ee0 1447       3       java.util.regex.Matcher::<init> (95 bytes)
Event: 0.829 Thread 0x000001d343150ee0 nmethod 1447 0x000001d32804c510 code [0x000001d32804c6e0, 0x000001d32804cd48]
Event: 0.830 Thread 0x000001d343150520 1448       4       java.util.ArrayList::add (25 bytes)

GC Heap History (2 events):
Event: 0.538 GC heap before
{Heap before GC invocations=0 (full 0):
 garbage-first heap   total 258048K, used 26624K [0x0000000704c00000, 0x0000000800000000)
  region size 2048K, 11 young (22528K), 0 survivors (0K)
 Metaspace       used 14151K, committed 14272K, reserved 1114112K
  class space    used 1546K, committed 1600K, reserved 1048576K
}
Event: 0.544 GC heap after
{Heap after GC invocations=1 (full 0):
 garbage-first heap   total 258048K, used 11247K [0x0000000704c00000, 0x0000000800000000)
  region size 2048K, 2 young (4096K), 2 survivors (4096K)
 Metaspace       used 14151K, committed 14272K, reserved 1114112K
  class space    used 1546K, committed 1600K, reserved 1048576K
}

Dll operation events (7 events):
Event: 0.005 Loaded shared library C:\Users\andre\.vscode\extensions\redhat.java-1.28.1-win32-x64\jre\17.0.10-win32-x86_64\bin\java.dll
Event: 0.083 Loaded shared library C:\Users\andre\.vscode\extensions\redhat.java-1.28.1-win32-x64\jre\17.0.10-win32-x86_64\bin\net.dll
Event: 0.084 Loaded shared library C:\Users\andre\.vscode\extensions\redhat.java-1.28.1-win32-x64\jre\17.0.10-win32-x86_64\bin\nio.dll
Event: 0.091 Loaded shared library C:\Users\andre\.vscode\extensions\redhat.java-1.28.1-win32-x64\jre\17.0.10-win32-x86_64\bin\zip.dll
Event: 0.159 Loaded shared library C:\Users\andre\.vscode\extensions\redhat.java-1.28.1-win32-x64\jre\17.0.10-win32-x86_64\bin\jimage.dll
Event: 0.399 Loaded shared library C:\Users\andre\.vscode\extensions\redhat.java-1.28.1-win32-x64\jre\17.0.10-win32-x86_64\bin\verify.dll
Event: 0.671 Loaded shared library C:\Users\andre\.gradle\native\e1d6ef7f7dcc3fd88c89a11ec53ec762bb8ba0a96d01ffa2cd45eb1d1d8dd5c5\windows-amd64\native-platform.dll

Deoptimization events (20 events):
Event: 0.804 Thread 0x000001d343d12440 Uncommon trap: trap_request=0xffffffde fr.pc=0x000001d32f8eacb4 relative=0x0000000000000114
Event: 0.804 Thread 0x000001d343d12440 Uncommon trap: reason=class_check action=maybe_recompile pc=0x000001d32f8eacb4 method=jdk.internal.misc.Unsafe.allocateUninitializedArray(Ljava/lang/Class;I)Ljava/lang/Object; @ 51 c2
Event: 0.804 Thread 0x000001d343d12440 DEOPT PACKING pc=0x000001d32f8eacb4 sp=0x00000058d4cf8890
Event: 0.804 Thread 0x000001d343d12440 DEOPT UNPACKING pc=0x000001d32f31a1a3 sp=0x00000058d4cf8818 mode 2
Event: 0.804 Thread 0x000001d343d12440 Uncommon trap: trap_request=0xffffffde fr.pc=0x000001d32f8eacb4 relative=0x0000000000000114
Event: 0.804 Thread 0x000001d343d12440 Uncommon trap: reason=class_check action=maybe_recompile pc=0x000001d32f8eacb4 method=jdk.internal.misc.Unsafe.allocateUninitializedArray(Ljava/lang/Class;I)Ljava/lang/Object; @ 51 c2
Event: 0.804 Thread 0x000001d343d12440 DEOPT PACKING pc=0x000001d32f8eacb4 sp=0x00000058d4cf8530
Event: 0.804 Thread 0x000001d343d12440 DEOPT UNPACKING pc=0x000001d32f31a1a3 sp=0x00000058d4cf84b8 mode 2
Event: 0.805 Thread 0x000001d343d12440 Uncommon trap: trap_request=0xffffffde fr.pc=0x000001d32f8eacb4 relative=0x0000000000000114
Event: 0.805 Thread 0x000001d343d12440 Uncommon trap: reason=class_check action=maybe_recompile pc=0x000001d32f8eacb4 method=jdk.internal.misc.Unsafe.allocateUninitializedArray(Ljava/lang/Class;I)Ljava/lang/Object; @ 51 c2
Event: 0.805 Thread 0x000001d343d12440 DEOPT PACKING pc=0x000001d32f8eacb4 sp=0x00000058d4cf8890
Event: 0.805 Thread 0x000001d343d12440 DEOPT UNPACKING pc=0x000001d32f31a1a3 sp=0x00000058d4cf8818 mode 2
Event: 0.805 Thread 0x000001d343d12440 Uncommon trap: trap_request=0xffffffde fr.pc=0x000001d32f8eacb4 relative=0x0000000000000114
Event: 0.805 Thread 0x000001d343d12440 Uncommon trap: reason=class_check action=maybe_recompile pc=0x000001d32f8eacb4 method=jdk.internal.misc.Unsafe.allocateUninitializedArray(Ljava/lang/Class;I)Ljava/lang/Object; @ 51 c2
Event: 0.805 Thread 0x000001d343d12440 DEOPT PACKING pc=0x000001d32f8eacb4 sp=0x00000058d4cf8530
Event: 0.805 Thread 0x000001d343d12440 DEOPT UNPACKING pc=0x000001d32f31a1a3 sp=0x00000058d4cf84b8 mode 2
Event: 0.810 Thread 0x000001d343d12440 Uncommon trap: trap_request=0xffffff45 fr.pc=0x000001d32f8dc1fc relative=0x000000000000005c
Event: 0.810 Thread 0x000001d343d12440 Uncommon trap: reason=unstable_if action=reinterpret pc=0x000001d32f8dc1fc method=sun.net.www.ParseUtil.firstEncodeIndex(Ljava/lang/String;)I @ 51 c2
Event: 0.810 Thread 0x000001d343d12440 DEOPT PACKING pc=0x000001d32f8dc1fc sp=0x00000058d4cfa380
Event: 0.810 Thread 0x000001d343d12440 DEOPT UNPACKING pc=0x000001d32f31a1a3 sp=0x00000058d4cfa308 mode 2

Classes unloaded (0 events):
No events

Classes redefined (0 events):
No events

Internal exceptions (15 events):
Event: 0.234 Thread 0x000001d3250ff5f0 Exception <a 'java/lang/NoSuchMethodError'{0x00000007143bc5f8}: 'void java.lang.invoke.DirectMethodHandle$Holder.invokeStatic(java.lang.Object, java.lang.Object, java.lang.Object)'> (0x00000007143bc5f8) 
thrown [s\src\hotspot\share\interpreter\linkResolver.cpp, line 759]
Event: 0.253 Thread 0x000001d3250ff5f0 Exception <a 'java/lang/NoSuchMethodError'{0x00000007140270a0}: 'void java.lang.invoke.DirectMethodHandle$Holder.invokeStatic(java.lang.Object, java.lang.Object, java.lang.Object, java.lang.Object)'> (0x00000007140270a0) 
thrown [s\src\hotspot\share\interpreter\linkResolver.cpp, line 759]
Event: 0.307 Thread 0x000001d3250ff5f0 Exception <a 'java/lang/NoSuchMethodError'{0x0000000713ec20b0}: 'java.lang.Object java.lang.invoke.DirectMethodHandle$Holder.newInvokeSpecial(java.lang.Object, java.lang.Object, java.lang.Object, java.lang.Object, java.lang.Object)'> (0x0000000713ec20b0) 
thrown [s\src\hotspot\share\interpreter\linkResolver.cpp, line 759]
Event: 0.312 Thread 0x000001d3250ff5f0 Exception <a 'java/lang/NoSuchMethodError'{0x0000000713ef6988}: 'void java.lang.invoke.DirectMethodHandle$Holder.invokeSpecial(java.lang.Object, java.lang.Object, java.lang.Object)'> (0x0000000713ef6988) 
thrown [s\src\hotspot\share\interpreter\linkResolver.cpp, line 759]
Event: 0.340 Thread 0x000001d343979330 Exception <a 'java/lang/NoSuchMethodError'{0x0000000713c34410}: 'java.lang.Object java.lang.invoke.Invokers$Holder.linkToTargetMethod(java.lang.Object, long, java.lang.Object, java.lang.Object)'> (0x0000000713c34410) 
thrown [s\src\hotspot\share\interpreter\linkResolver.cpp, line 759]
Event: 0.347 Thread 0x000001d343482880 Exception <a 'java/lang/NoSuchMethodError'{0x0000000713cd5858}: 'int java.lang.invoke.DirectMethodHandle$Holder.invokeStatic(java.lang.Object, java.lang.Object, int)'> (0x0000000713cd5858) 
thrown [s\src\hotspot\share\interpreter\linkResolver.cpp, line 759]
Event: 0.402 Thread 0x000001d343482880 Exception <a 'java/lang/NoClassDefFoundError'{0x0000000713afaac0}: org/slf4j/impl/StaticLoggerBinder> (0x0000000713afaac0) 
thrown [s\src\hotspot\share\classfile\systemDictionary.cpp, line 245]
Event: 0.482 Thread 0x000001d343d12440 Exception <a 'java/lang/NoSuchMethodError'{0x000000071374b5a0}: 'void java.lang.invoke.DirectMethodHandle$Holder.invokeInterface(java.lang.Object, java.lang.Object, java.lang.Object)'> (0x000000071374b5a0) 
thrown [s\src\hotspot\share\interpreter\linkResolver.cpp, line 759]
Event: 0.651 Thread 0x000001d343d12440 Exception <a 'java/lang/NoSuchMethodError'{0x0000000714380298}: 'java.lang.Object java.lang.invoke.DirectMethodHandle$Holder.invokeVirtual(java.lang.Object, java.lang.Object, java.lang.Object, java.lang.Object, java.lang.Object, java.lang.Object, java.lang.Object)'> (0x0000000714380298) 
thrown [s\src\hotspot\share\interpreter\linkResolver.cpp, line 759]
Event: 0.653 Thread 0x000001d343d12440 Exception <a 'java/lang/NoSuchMethodError'{0x0000000714390d28}: 'java.lang.Object java.lang.invoke.Invokers$Holder.invoker(java.lang.Object, java.lang.Object, java.lang.Object)'> (0x0000000714390d28) 
thrown [s\src\hotspot\share\interpreter\linkResolver.cpp, line 759]
Event: 0.655 Thread 0x000001d343d12440 Exception <a 'java/lang/NoSuchMethodError'{0x0000000714399dd8}: 'java.lang.Object java.lang.invoke.DirectMethodHandle$Holder.invokeStatic(java.lang.Object, java.lang.Object, int)'> (0x0000000714399dd8) 
thrown [s\src\hotspot\share\interpreter\linkResolver.cpp, line 759]
Event: 0.656 Thread 0x000001d343d12440 Exception <a 'java/lang/NoSuchMethodError'{0x00000007143a5ac8}: 'void java.lang.invoke.DelegatingMethodHandle$Holder.delegate(java.lang.Object, java.lang.Object, int, java.lang.Object)'> (0x00000007143a5ac8) 
thrown [s\src\hotspot\share\interpreter\linkResolver.cpp, line 759]
Event: 0.657 Thread 0x000001d343d12440 Exception <a 'java/lang/NoSuchMethodError'{0x00000007143a9fa8}: 'int java.lang.invoke.DirectMethodHandle$Holder.invokeSpecial(java.lang.Object, java.lang.Object, java.lang.Object)'> (0x00000007143a9fa8) 
thrown [s\src\hotspot\share\interpreter\linkResolver.cpp, line 759]
Event: 0.658 Thread 0x000001d343d12440 Exception <a 'java/lang/NoSuchMethodError'{0x00000007143ba118}: 'java.lang.Object java.lang.invoke.Invokers$Holder.invokeExact_MT(java.lang.Object, java.lang.Object, java.lang.Object, java.lang.Object)'> (0x00000007143ba118) 
thrown [s\src\hotspot\share\interpreter\linkResolver.cpp, line 759]
Event: 0.706 Thread 0x000001d343d12440 Exception <a 'java/lang/NoSuchMethodError'{0x0000000713e59948}: 'int java.lang.invoke.DirectMethodHandle$Holder.invokeStaticInit(java.lang.Object, java.lang.Object)'> (0x0000000713e59948) 
thrown [s\src\hotspot\share\interpreter\linkResolver.cpp, line 759]

VM Operations (14 events):
Event: 0.093 Executing VM operation: HandshakeAllThreads
Event: 0.093 Executing VM operation: HandshakeAllThreads done
Event: 0.271 Executing VM operation: HandshakeAllThreads
Event: 0.271 Executing VM operation: HandshakeAllThreads done
Event: 0.379 Executing VM operation: HandshakeAllThreads
Event: 0.379 Executing VM operation: HandshakeAllThreads done
Event: 0.420 Executing VM operation: HandshakeAllThreads
Event: 0.420 Executing VM operation: HandshakeAllThreads done
Event: 0.425 Executing VM operation: HandshakeAllThreads
Event: 0.425 Executing VM operation: HandshakeAllThreads done
Event: 0.538 Executing VM operation: G1CollectForAllocation
Event: 0.544 Executing VM operation: G1CollectForAllocation done
Event: 0.570 Executing VM operation: HandshakeAllThreads
Event: 0.570 Executing VM operation: HandshakeAllThreads done

Events (20 events):
Event: 0.654 loading class java/lang/invoke/MethodHandleImpl$2
Event: 0.654 loading class java/lang/invoke/MethodHandleImpl$2 done
Event: 0.654 loading class java/lang/invoke/MethodHandleImpl$ArrayAccessor
Event: 0.654 loading class java/lang/invoke/MethodHandleImpl$ArrayAccessor done
Event: 0.654 loading class java/lang/invoke/MethodHandleImpl$ArrayAccessor$1
Event: 0.654 loading class java/lang/invoke/MethodHandleImpl$ArrayAccessor$1 done
Event: 0.654 loading class java/lang/ClassValue$ClassValueMap
Event: 0.654 loading class java/lang/ClassValue$ClassValueMap done
Event: 0.657 loading class java/lang/invoke/BoundMethodHandle$Species_LLL
Event: 0.657 loading class java/lang/invoke/BoundMethodHandle$Species_LLL done
Event: 0.664 loading class java/lang/UnsatisfiedLinkError
Event: 0.664 loading class java/lang/UnsatisfiedLinkError done
Event: 0.667 loading class java/nio/channels/spi/AbstractInterruptibleChannel$1
Event: 0.667 loading class sun/nio/ch/Interruptible
Event: 0.667 loading class sun/nio/ch/Interruptible done
Event: 0.667 loading class java/nio/channels/spi/AbstractInterruptibleChannel$1 done
Event: 0.671 loading class jdk/internal/loader/NativeLibraries$Unloader
Event: 0.671 loading class jdk/internal/loader/NativeLibraries$Unloader done
Event: 0.673 loading class java/util/RegularEnumSet$EnumSetIterator
Event: 0.673 loading class java/util/RegularEnumSet$EnumSetIterator done


Dynamic libraries:
0x00007ff72a1e0000 - 0x00007ff72a1ee000 	C:\Users\andre\.vscode\extensions\redhat.java-1.28.1-win32-x64\jre\17.0.10-win32-x86_64\bin\java.exe
0x00007ffd01450000 - 0x00007ffd01666000 	C:\WINDOWS\SYSTEM32\ntdll.dll
0x00007ffd00420000 - 0x00007ffd004e4000 	C:\WINDOWS\System32\KERNEL32.DLL
0x00007ffcfedf0000 - 0x00007ffcff196000 	C:\WINDOWS\System32\KERNELBASE.dll
0x00007ffcfeac0000 - 0x00007ffcfebd1000 	C:\WINDOWS\System32\ucrtbase.dll
0x00007ffc9e830000 - 0x00007ffc9e84b000 	C:\Users\andre\.vscode\extensions\redhat.java-1.28.1-win32-x64\jre\17.0.10-win32-x86_64\bin\VCRUNTIME140.dll
0x00007ffc9f030000 - 0x00007ffc9f047000 	C:\Users\andre\.vscode\extensions\redhat.java-1.28.1-win32-x64\jre\17.0.10-win32-x86_64\bin\jli.dll
0x00007ffd00ac0000 - 0x00007ffd00c6d000 	C:\WINDOWS\System32\USER32.dll
0x00007ffcf0f60000 - 0x00007ffcf11f3000 	C:\WINDOWS\WinSxS\amd64_microsoft.windows.common-controls_6595b64144ccf1df_6.0.22621.3235_none_270f74e173860f98\COMCTL32.dll
0x00007ffcfe960000 - 0x00007ffcfe986000 	C:\WINDOWS\System32\win32u.dll
0x00007ffd01030000 - 0x00007ffd010d7000 	C:\WINDOWS\System32\msvcrt.dll
0x00007ffd00890000 - 0x00007ffd008b9000 	C:\WINDOWS\System32\GDI32.dll
0x00007ffcfe7c0000 - 0x00007ffcfe8d8000 	C:\WINDOWS\System32\gdi32full.dll
0x00007ffcfed50000 - 0x00007ffcfedea000 	C:\WINDOWS\System32\msvcp_win.dll
0x00007ffd008c0000 - 0x00007ffd008f1000 	C:\WINDOWS\System32\IMM32.DLL
0x00007ffce6ec0000 - 0x00007ffce6ecc000 	C:\Users\andre\.vscode\extensions\redhat.java-1.28.1-win32-x64\jre\17.0.10-win32-x86_64\bin\vcruntime140_1.dll
0x00007ffc9dfe0000 - 0x00007ffc9e06d000 	C:\Users\andre\.vscode\extensions\redhat.java-1.28.1-win32-x64\jre\17.0.10-win32-x86_64\bin\msvcp140.dll
0x00007ffc65390000 - 0x00007ffc65ff2000 	C:\Users\andre\.vscode\extensions\redhat.java-1.28.1-win32-x64\jre\17.0.10-win32-x86_64\bin\server\jvm.dll
0x00007ffcffb20000 - 0x00007ffcffbd2000 	C:\WINDOWS\System32\ADVAPI32.dll
0x00007ffd00370000 - 0x00007ffd00418000 	C:\WINDOWS\System32\sechost.dll
0x00007ffcfe790000 - 0x00007ffcfe7b8000 	C:\WINDOWS\System32\bcrypt.dll
0x00007ffd00cf0000 - 0x00007ffd00e05000 	C:\WINDOWS\System32\RPCRT4.dll
0x00007ffce6a00000 - 0x00007ffce6a09000 	C:\WINDOWS\SYSTEM32\WSOCK32.dll
0x00007ffcfd620000 - 0x00007ffcfd66d000 	C:\WINDOWS\SYSTEM32\POWRPROF.dll
0x00007ffce6170000 - 0x00007ffce61a4000 	C:\WINDOWS\SYSTEM32\WINMM.dll
0x00007ffd00c70000 - 0x00007ffd00ce1000 	C:\WINDOWS\System32\WS2_32.dll
0x00007ffcf4400000 - 0x00007ffcf440a000 	C:\WINDOWS\SYSTEM32\VERSION.dll
0x00007ffcfd600000 - 0x00007ffcfd613000 	C:\WINDOWS\SYSTEM32\UMPDC.dll
0x00007ffcfd8c0000 - 0x00007ffcfd8d8000 	C:\WINDOWS\SYSTEM32\kernel.appcore.dll
0x00007ffce6a10000 - 0x00007ffce6a1a000 	C:\Users\andre\.vscode\extensions\redhat.java-1.28.1-win32-x64\jre\17.0.10-win32-x86_64\bin\jimage.dll
0x00007ffcfc0d0000 - 0x00007ffcfc303000 	C:\WINDOWS\SYSTEM32\DBGHELP.DLL
0x00007ffd004f0000 - 0x00007ffd00878000 	C:\WINDOWS\System32\combase.dll
0x00007ffd012e0000 - 0x00007ffd013b7000 	C:\WINDOWS\System32\OLEAUT32.dll
0x00007ffce8450000 - 0x00007ffce8482000 	C:\WINDOWS\SYSTEM32\dbgcore.DLL
0x00007ffcfe8e0000 - 0x00007ffcfe95a000 	C:\WINDOWS\System32\bcryptPrimitives.dll
0x00007ffc9dc80000 - 0x00007ffc9dca5000 	C:\Users\andre\.vscode\extensions\redhat.java-1.28.1-win32-x64\jre\17.0.10-win32-x86_64\bin\java.dll
0x00007ffc9e810000 - 0x00007ffc9e828000 	C:\Users\andre\.vscode\extensions\redhat.java-1.28.1-win32-x64\jre\17.0.10-win32-x86_64\bin\zip.dll
0x00007ffcff1a0000 - 0x00007ffcff9fd000 	C:\WINDOWS\System32\SHELL32.dll
0x00007ffcfc700000 - 0x00007ffcfcff8000 	C:\WINDOWS\SYSTEM32\windows.storage.dll
0x00007ffcfc5c0000 - 0x00007ffcfc6fe000 	C:\WINDOWS\SYSTEM32\wintypes.dll
0x00007ffd00060000 - 0x00007ffd00153000 	C:\WINDOWS\System32\SHCORE.dll
0x00007ffd002f0000 - 0x00007ffd0034e000 	C:\WINDOWS\System32\shlwapi.dll
0x00007ffcfe6c0000 - 0x00007ffcfe6e6000 	C:\WINDOWS\SYSTEM32\profapi.dll
0x00007ffc9dc60000 - 0x00007ffc9dc79000 	C:\Users\andre\.vscode\extensions\redhat.java-1.28.1-win32-x64\jre\17.0.10-win32-x86_64\bin\net.dll
0x00007ffcf4620000 - 0x00007ffcf4757000 	C:\WINDOWS\SYSTEM32\WINHTTP.dll
0x00007ffcfdd40000 - 0x00007ffcfdda9000 	C:\WINDOWS\system32\mswsock.dll
0x00007ffc9dc40000 - 0x00007ffc9dc56000 	C:\Users\andre\.vscode\extensions\redhat.java-1.28.1-win32-x64\jre\17.0.10-win32-x86_64\bin\nio.dll
0x00007ffce60e0000 - 0x00007ffce60f0000 	C:\Users\andre\.vscode\extensions\redhat.java-1.28.1-win32-x64\jre\17.0.10-win32-x86_64\bin\verify.dll
0x00007ffc647b0000 - 0x00007ffc647d7000 	C:\Users\andre\.gradle\native\e1d6ef7f7dcc3fd88c89a11ec53ec762bb8ba0a96d01ffa2cd45eb1d1d8dd5c5\windows-amd64\native-platform.dll

dbghelp: loaded successfully - version: 4.0.5 - missing functions: none
symbol engine: initialized successfully - sym options: 0x614 - pdb path: .;C:\Users\andre\.vscode\extensions\redhat.java-1.28.1-win32-x64\jre\17.0.10-win32-x86_64\bin;C:\WINDOWS\SYSTEM32;C:\WINDOWS\WinSxS\amd64_microsoft.windows.common-controls_6595b64144ccf1df_6.0.22621.3235_none_270f74e173860f98;C:\Users\andre\.vscode\extensions\redhat.java-1.28.1-win32-x64\jre\17.0.10-win32-x86_64\bin\server;C:\Users\andre\.gradle\native\e1d6ef7f7dcc3fd88c89a11ec53ec762bb8ba0a96d01ffa2cd45eb1d1d8dd5c5\windows-amd64

VM Arguments:
jvm_args: --add-opens=java.base/java.lang=ALL-UNNAMED --add-opens=java.base/java.io=ALL-UNNAMED --add-opens=java.base/java.util=ALL-UNNAMED -Dplugin.dir=C:\Users\andre\.vscode\extensions\redhat.java-1.28.1-win32-x64\server\..\..\vscjava.vscode-gradle-3.13.5\server\plugins 
java_command: com.microsoft.java.bs.core.Launcher
java_class_path (initial): C:\Users\andre\.vscode\extensions\redhat.java-1.28.1-win32-x64\server\..\..\vscjava.vscode-gradle-3.13.5\server\server.jar;C:\Users\andre\.vscode\extensions\redhat.java-1.28.1-win32-x64\server\..\..\vscjava.vscode-gradle-3.13.5\server\runtime\bsp4j-2.1.0-M4.jar;C:\Users\andre\.vscode\extensions\redhat.java-1.28.1-win32-x64\server\..\..\vscjava.vscode-gradle-3.13.5\server\runtime\checker-qual-3.5.0.jar;C:\Users\andre\.vscode\extensions\redhat.java-1.28.1-win32-x64\server\..\..\vscjava.vscode-gradle-3.13.5\server\runtime\commons-lang3-3.13.0.jar;C:\Users\andre\.vscode\extensions\redhat.java-1.28.1-win32-x64\server\..\..\vscjava.vscode-gradle-3.13.5\server\runtime\error_prone_annotations-2.3.4.jar;C:\Users\andre\.vscode\extensions\redhat.java-1.28.1-win32-x64\server\..\..\vscjava.vscode-gradle-3.13.5\server\runtime\failureaccess-1.0.1.jar;C:\Users\andre\.vscode\extensions\redhat.java-1.28.1-win32-x64\server\..\..\vscjava.vscode-gradle-3.13.5\server\runtime\gradle-tooling-api-8.1.1.jar;C:\Users\andre\.vscode\extensions\redhat.java-1.28.1-win32-x64\server\..\..\vscjava.vscode-gradle-3.13.5\server\runtime\gson-2.9.1.jar;C:\Users\andre\.vscode\extensions\redhat.java-1.28.1-win32-x64\server\..\..\vscjava.vscode-gradle-3.13.5\server\runtime\guava-30.1-jre.jar;C:\Users\andre\.vscode\extensions\redhat.java-1.28.1-win32-x64\server\..\..\vscjava.vscode-gradle-3.13.5\server\runtime\j2objc-annotations-1.3.jar;C:\Users\andre\.vscode\extensions\redhat.java-1.28.1-win32-x64\server\..\..\vscjava.vscode-gradle-3.13.5\server\runtime\jsr305-3.0.2.jar;C:\Users\andre\.vscode\extensions\redhat.java-1.28.1-win32-x64\server\..\..\vscjava.vscode-gradle-3.13.5\server\runtime\listenablefuture-9999.0-empty-to-avoid-conflict-with-guava.jar;C:\Users\andre\.vscode\extensions\redhat.java-1.28.1-win32-x64\server\..\..\vscjava.vscode-gradle-3.13.5\server\runtime\model.jar;C:\Users\andre\.vscode\extensions\redhat.java-1.28.1-win32-x64\server\..\..\vscjava.vscode-gradle-3.13.
Launcher Type: SUN_STANDARD

[Global flags]
     intx CICompilerCount                          = 4                                         {product} {ergonomic}
     uint ConcGCThreads                            = 2                                         {product} {ergonomic}
     uint G1ConcRefinementThreads                  = 8                                         {product} {ergonomic}
   size_t G1HeapRegionSize                         = 2097152                                   {product} {ergonomic}
    uintx GCDrainStackTargetSize                   = 64                                        {product} {ergonomic}
   size_t InitialHeapSize                          = 264241152                                 {product} {ergonomic}
   size_t MarkStackSize                            = 4194304                                   {product} {ergonomic}
   size_t MaxHeapSize                              = 4215275520                                {product} {ergonomic}
   size_t MaxNewSize                               = 2529165312                                {product} {ergonomic}
   size_t MinHeapDeltaBytes                        = 2097152                                   {product} {ergonomic}
   size_t MinHeapSize                              = 8388608                                   {product} {ergonomic}
    uintx NonNMethodCodeHeapSize                   = 5839372                                {pd product} {ergonomic}
    uintx NonProfiledCodeHeapSize                  = 122909434                              {pd product} {ergonomic}
    uintx ProfiledCodeHeapSize                     = 122909434                              {pd product} {ergonomic}
    uintx ReservedCodeCacheSize                    = 251658240                              {pd product} {ergonomic}
     bool SegmentedCodeCache                       = true                                      {product} {ergonomic}
   size_t SoftMaxHeapSize                          = 4215275520                             {manageable} {ergonomic}
     bool UseCompressedClassPointers               = true                           {product lp64_product} {ergonomic}
     bool UseCompressedOops                        = true                           {product lp64_product} {ergonomic}
     bool UseG1GC                                  = true                                      {product} {ergonomic}
     bool UseLargePagesIndividualAllocation        = false                                  {pd product} {ergonomic}

Logging:
Log output configuration:
 #0: stdout all=warning uptime,level,tags
 #1: stderr all=off uptime,level,tags

Environment Variables:
PATH=C:\Program Files\Common Files\Oracle\Java\javapath;C:\Program Files\Eclipse Adoptium\jdk-8.0.382.5-hotspot\bin;C:\Program Files\Eclipse Adoptium\jdk-17.0.3.7-hotspot\bin;C:\Windows\system32;C:\Windows;C:\Windows\System32\Wbem;C:\Windows\System32\WindowsPowerShell\v1.0\;C:\Windows\System32\OpenSSH\;C:\Program Files (x86)\NVIDIA Corporation\PhysX\Common;C:\WINDOWS\system32;C:\WINDOWS;C:\WINDOWS\System32\Wbem;C:\WINDOWS\System32\WindowsPowerShell\v1.0\;C:\WINDOWS\System32\OpenSSH\;C:\ProgramData\chocolatey\bin;C:\Program Files\Microsoft VS Code\bin;C:\Program Files\dotnet\;C:\Program Files (x86)\sbt\bin;C:\Program Files\Git\cmd;C:\Program Files\PowerShell\7\;C:\Users\andre\AppData\Local\Microsoft\WindowsApps;
USERNAME=andre
OS=Windows_NT
PROCESSOR_IDENTIFIER=Intel64 Family 6 Model 140 Stepping 1, GenuineIntel
TMP=C:\Users\andre\AppData\Local\Temp
TEMP=C:\Users\andre\AppData\Local\Temp



Periodic native trim disabled


---------------  S Y S T E M  ---------------

OS:
 Windows 11 , 64 bit Build 22621 (10.0.22621.3235)
OS uptime: 0 days 21:58 hours

CPU: total 8 (initial active 8) (4 cores per cpu, 2 threads per core) family 6 model 140 stepping 1 microcode 0x86, cx8, cmov, fxsr, ht, mmx, 3dnowpref, sse, sse2, sse3, ssse3, sse4.1, sse4.2, popcnt, lzcnt, tsc, tscinvbit, avx, avx2, aes, erms, clmul, bmi1, bmi2, adx, avx512f, avx512dq, avx512cd, avx512bw, avx512vl, sha, fma, vzeroupper, avx512_vpopcntdq, avx512_vpclmulqdq, avx512_vaes, avx512_vnni, clflush, clflushopt, clwb, avx512_vbmi2, avx512_vbmi
Processor Information for all 8 processors :
  Max Mhz: 3302, Current Mhz: 3302, Mhz Limit: 3302

Memory: 4k page, system-wide physical 16075M (2794M free)
TotalPageFile size 18980M (AvailPageFile size 10M)
current process WorkingSet (physical memory assigned to process): 101M, peak: 101M
current process commit charge ("private bytes"): 367M, peak: 367M

vm_info: OpenJDK 64-Bit Server VM (17.0.10+7) for windows-amd64 JRE (17.0.10+7), built on Jan 16 2024 23:25:11 by "admin" with MS VC++ 16.10 / 16.11 (VS2019)

END.
